[ 2015-11-19T17:10:30+08:00 ] 192.168.35.2 /newsc/web/index.php/Home/Task/taskList
INFO: [ app_begin ] --START--
INFO: Run Behavior\ReadHtmlCacheBehavior [ RunTime:0.000074s ]
INFO: [ app_begin ] --END-- [ RunTime:0.000210s ]
SQL: SHOW COLUMNS FROM `spider_task` [ RunTime:0.0009s ]
SQL: SELECT * FROM `spider_task` WHERE `task_type` = 2 LIMIT 0,10   [ RunTime:0.0004s ]
SQL: SHOW COLUMNS FROM `spider_schedule` [ RunTime:0.0004s ]
SQL: SHOW COLUMNS FROM `spider_search_engine` [ RunTime:0.0006s ]
SQL: SELECT `se_name` FROM `spider_search_engine` WHERE `id` = 1  [ RunTime:0.0003s ]
SQL: SELECT `se_name` FROM `spider_search_engine` WHERE `id` = 3  [ RunTime:0.0030s ]
NOTIC: [8] Undefined offset: 0 /mnt/data/htdocs/newsc/web/Application/Home/Controller/TaskController.class.php 第 33 行.
SQL: SELECT `se_name` FROM `spider_search_engine` WHERE `id` = 3  [ RunTime:0.0002s ]
NOTIC: [8] Undefined offset: 0 /mnt/data/htdocs/newsc/web/Application/Home/Controller/TaskController.class.php 第 33 行.
SQL: SELECT `se_name` FROM `spider_search_engine` WHERE `id` = 4  [ RunTime:0.0002s ]
NOTIC: [8] Undefined offset: 0 /mnt/data/htdocs/newsc/web/Application/Home/Controller/TaskController.class.php 第 33 行.
SQL: SELECT `time` FROM `spider_schedule` WHERE `task_id` = 16  [ RunTime:0.0002s ]
SQL: SELECT COUNT(*) AS tp_count FROM `spider_task` WHERE `task_type` = 2 LIMIT 1   [ RunTime:0.0003s ]
INFO: [ app_end ] --START--
INFO: Run Behavior\ShowPageTraceBehavior [ RunTime:0.000080s ]
INFO: [ app_end ] --END-- [ RunTime:0.000190s ]

[ 2015-11-19T17:10:30+08:00 ] 192.168.35.2 /newsc/web/index.php/Home/SE/seList
INFO: [ app_begin ] --START--
INFO: Run Behavior\ReadHtmlCacheBehavior [ RunTime:0.004219s ]
INFO: [ app_begin ] --END-- [ RunTime:0.004400s ]
SQL: SHOW COLUMNS FROM `spider_search_engine` [ RunTime:0.0006s ]
SQL: SELECT * FROM `spider_search_engine`  [ RunTime:0.0002s ]
SQL: SELECT COUNT(*) AS tp_count FROM `spider_search_engine` LIMIT 1   [ RunTime:0.0002s ]
INFO: [ app_end ] --START--
INFO: Run Behavior\ShowPageTraceBehavior [ RunTime:0.000082s ]
INFO: [ app_end ] --END-- [ RunTime:0.000189s ]

[ 2015-11-19T17:10:30+08:00 ] 192.168.35.2 /newsc/web/index.php/Home/Task/taskList
INFO: [ app_begin ] --START--
INFO: Run Behavior\ReadHtmlCacheBehavior [ RunTime:0.000073s ]
INFO: [ app_begin ] --END-- [ RunTime:0.000204s ]
SQL: SHOW COLUMNS FROM `spider_task` [ RunTime:0.0009s ]
SQL: SELECT * FROM `spider_task` WHERE `task_type` = 2 LIMIT 0,10   [ RunTime:0.0004s ]
SQL: SHOW COLUMNS FROM `spider_schedule` [ RunTime:0.0005s ]
SQL: SHOW COLUMNS FROM `spider_search_engine` [ RunTime:0.0005s ]
SQL: SELECT `se_name` FROM `spider_search_engine` WHERE `id` = 1  [ RunTime:0.0003s ]
SQL: SELECT `se_name` FROM `spider_search_engine` WHERE `id` = 3  [ RunTime:0.0002s ]
NOTIC: [8] Undefined offset: 0 /mnt/data/htdocs/newsc/web/Application/Home/Controller/TaskController.class.php 第 33 行.
SQL: SELECT `se_name` FROM `spider_search_engine` WHERE `id` = 3  [ RunTime:0.0002s ]
NOTIC: [8] Undefined offset: 0 /mnt/data/htdocs/newsc/web/Application/Home/Controller/TaskController.class.php 第 33 行.
SQL: SELECT `se_name` FROM `spider_search_engine` WHERE `id` = 4  [ RunTime:0.0002s ]
NOTIC: [8] Undefined offset: 0 /mnt/data/htdocs/newsc/web/Application/Home/Controller/TaskController.class.php 第 33 行.
SQL: SELECT `time` FROM `spider_schedule` WHERE `task_id` = 16  [ RunTime:0.0002s ]
SQL: SELECT COUNT(*) AS tp_count FROM `spider_task` WHERE `task_type` = 2 LIMIT 1   [ RunTime:0.0002s ]
INFO: [ app_end ] --START--
INFO: Run Behavior\ShowPageTraceBehavior [ RunTime:0.000081s ]
INFO: [ app_end ] --END-- [ RunTime:0.000192s ]

[ 2015-11-19T17:10:30+08:00 ] 192.168.35.2 /newsc/web/index.php/Home/SE/seList
INFO: [ app_begin ] --START--
INFO: Run Behavior\ReadHtmlCacheBehavior [ RunTime:0.000077s ]
INFO: [ app_begin ] --END-- [ RunTime:0.000210s ]
SQL: SHOW COLUMNS FROM `spider_search_engine` [ RunTime:0.0005s ]
SQL: SELECT * FROM `spider_search_engine`  [ RunTime:0.0002s ]
SQL: SELECT COUNT(*) AS tp_count FROM `spider_search_engine` LIMIT 1   [ RunTime:0.0002s ]
INFO: [ app_end ] --START--
INFO: Run Behavior\ShowPageTraceBehavior [ RunTime:0.000082s ]
INFO: [ app_end ] --END-- [ RunTime:0.000188s ]

[ 2015-11-19T17:10:30+08:00 ] 192.168.35.2 /newsc/web/index.php/Home/Task/taskList
INFO: [ app_begin ] --START--
INFO: Run Behavior\ReadHtmlCacheBehavior [ RunTime:0.000095s ]
INFO: [ app_begin ] --END-- [ RunTime:0.000235s ]
SQL: SHOW COLUMNS FROM `spider_task` [ RunTime:0.0009s ]
SQL: SELECT * FROM `spider_task` WHERE `task_type` = 2 LIMIT 0,10   [ RunTime:0.0003s ]
SQL: SHOW COLUMNS FROM `spider_schedule` [ RunTime:0.0004s ]
SQL: SHOW COLUMNS FROM `spider_search_engine` [ RunTime:0.0005s ]
SQL: SELECT `se_name` FROM `spider_search_engine` WHERE `id` = 1  [ RunTime:0.0002s ]
SQL: SELECT `se_name` FROM `spider_search_engine` WHERE `id` = 3  [ RunTime:0.0002s ]
NOTIC: [8] Undefined offset: 0 /mnt/data/htdocs/newsc/web/Application/Home/Controller/TaskController.class.php 第 33 行.
SQL: SELECT `se_name` FROM `spider_search_engine` WHERE `id` = 3  [ RunTime:0.0002s ]
NOTIC: [8] Undefined offset: 0 /mnt/data/htdocs/newsc/web/Application/Home/Controller/TaskController.class.php 第 33 行.
SQL: SELECT `se_name` FROM `spider_search_engine` WHERE `id` = 4  [ RunTime:0.0002s ]
NOTIC: [8] Undefined offset: 0 /mnt/data/htdocs/newsc/web/Application/Home/Controller/TaskController.class.php 第 33 行.
SQL: SELECT `time` FROM `spider_schedule` WHERE `task_id` = 16  [ RunTime:0.0002s ]
SQL: SELECT COUNT(*) AS tp_count FROM `spider_task` WHERE `task_type` = 2 LIMIT 1   [ RunTime:0.0002s ]
INFO: [ app_end ] --START--
INFO: Run Behavior\ShowPageTraceBehavior [ RunTime:0.000082s ]
INFO: [ app_end ] --END-- [ RunTime:0.000215s ]

[ 2015-11-19T17:10:30+08:00 ] 192.168.35.2 /newsc/web/index.php/Home/SE/seList
INFO: [ app_begin ] --START--
INFO: Run Behavior\ReadHtmlCacheBehavior [ RunTime:0.000086s ]
INFO: [ app_begin ] --END-- [ RunTime:0.000221s ]
SQL: SHOW COLUMNS FROM `spider_search_engine` [ RunTime:0.0005s ]
SQL: SELECT * FROM `spider_search_engine`  [ RunTime:0.0003s ]
SQL: SELECT COUNT(*) AS tp_count FROM `spider_search_engine` LIMIT 1   [ RunTime:0.0002s ]
INFO: [ app_end ] --START--
INFO: Run Behavior\ShowPageTraceBehavior [ RunTime:0.000102s ]
INFO: [ app_end ] --END-- [ RunTime:0.000207s ]

[ 2015-11-19T17:10:30+08:00 ] 192.168.35.2 /newsc/web/index.php/Home/Task/taskList
INFO: [ app_begin ] --START--
INFO: Run Behavior\ReadHtmlCacheBehavior [ RunTime:0.000080s ]
INFO: [ app_begin ] --END-- [ RunTime:0.000233s ]
SQL: SHOW COLUMNS FROM `spider_task` [ RunTime:0.0009s ]
SQL: SELECT * FROM `spider_task` WHERE `task_type` = 2 LIMIT 0,10   [ RunTime:0.0004s ]
SQL: SHOW COLUMNS FROM `spider_schedule` [ RunTime:0.0005s ]
SQL: SHOW COLUMNS FROM `spider_search_engine` [ RunTime:0.0005s ]
SQL: SELECT `se_name` FROM `spider_search_engine` WHERE `id` = 1  [ RunTime:0.0002s ]
SQL: SELECT `se_name` FROM `spider_search_engine` WHERE `id` = 3  [ RunTime:0.0002s ]
NOTIC: [8] Undefined offset: 0 /mnt/data/htdocs/newsc/web/Application/Home/Controller/TaskController.class.php 第 33 行.
SQL: SELECT `se_name` FROM `spider_search_engine` WHERE `id` = 3  [ RunTime:0.0002s ]
NOTIC: [8] Undefined offset: 0 /mnt/data/htdocs/newsc/web/Application/Home/Controller/TaskController.class.php 第 33 行.
SQL: SELECT `se_name` FROM `spider_search_engine` WHERE `id` = 4  [ RunTime:0.0002s ]
NOTIC: [8] Undefined offset: 0 /mnt/data/htdocs/newsc/web/Application/Home/Controller/TaskController.class.php 第 33 行.
SQL: SELECT `time` FROM `spider_schedule` WHERE `task_id` = 16  [ RunTime:0.0002s ]
SQL: SELECT COUNT(*) AS tp_count FROM `spider_task` WHERE `task_type` = 2 LIMIT 1   [ RunTime:0.0003s ]
INFO: [ app_end ] --START--
INFO: Run Behavior\ShowPageTraceBehavior [ RunTime:0.000095s ]
INFO: [ app_end ] --END-- [ RunTime:0.000208s ]

[ 2015-11-19T17:10:32+08:00 ] 192.168.35.2 /newsc/web/index.php/Home/Task/updateTask
INFO: [ app_begin ] --START--
INFO: Run Behavior\ReadHtmlCacheBehavior [ RunTime:0.000082s ]
INFO: [ app_begin ] --END-- [ RunTime:0.000225s ]
SQL: SHOW COLUMNS FROM `spider_task` [ RunTime:0.0011s ]
SQL: UPDATE `spider_task` SET `enabled`='0' WHERE `id` = 3 [ RunTime:0.0003s ]
NOTIC: [8] Undefined index: schedule_type /mnt/data/htdocs/newsc/web/Application/Home/Controller/TaskController.class.php 第 145 行.
INFO: [ app_end ] --START--
INFO: Run Behavior\ShowPageTraceBehavior [ RunTime:0.000103s ]
INFO: [ app_end ] --END-- [ RunTime:0.000237s ]

[ 2015-11-19T17:10:32+08:00 ] 192.168.35.2 /newsc/web/index.php/Home/Task/updateTask
INFO: [ app_begin ] --START--
INFO: Run Behavior\ReadHtmlCacheBehavior [ RunTime:0.000085s ]
INFO: [ app_begin ] --END-- [ RunTime:0.000223s ]
SQL: SHOW COLUMNS FROM `spider_task` [ RunTime:0.0009s ]
SQL: UPDATE `spider_task` SET `enabled`='0' WHERE `id` = 11 [ RunTime:0.0004s ]
NOTIC: [8] Undefined index: schedule_type /mnt/data/htdocs/newsc/web/Application/Home/Controller/TaskController.class.php 第 145 行.
INFO: [ app_end ] --START--
INFO: Run Behavior\ShowPageTraceBehavior [ RunTime:0.000092s ]
INFO: [ app_end ] --END-- [ RunTime:0.000200s ]

[ 2015-11-19T17:10:32+08:00 ] 192.168.35.2 /newsc/web/index.php/Home/Task/updateTask
INFO: [ app_begin ] --START--
INFO: Run Behavior\ReadHtmlCacheBehavior [ RunTime:0.000099s ]
INFO: [ app_begin ] --END-- [ RunTime:0.003433s ]
SQL: SHOW COLUMNS FROM `spider_task` [ RunTime:0.0009s ]
SQL: UPDATE `spider_task` SET `enabled`='0' WHERE `id` = 4 [ RunTime:0.0004s ]
NOTIC: [8] Undefined index: schedule_type /mnt/data/htdocs/newsc/web/Application/Home/Controller/TaskController.class.php 第 145 行.
INFO: [ app_end ] --START--
INFO: Run Behavior\ShowPageTraceBehavior [ RunTime:0.000084s ]
INFO: [ app_end ] --END-- [ RunTime:0.000191s ]

[ 2015-11-19T17:10:32+08:00 ] 192.168.35.2 /newsc/web/index.php/Home/Task/updateTask
INFO: [ app_begin ] --START--
INFO: Run Behavior\ReadHtmlCacheBehavior [ RunTime:0.000105s ]
INFO: [ app_begin ] --END-- [ RunTime:0.000271s ]
SQL: SHOW COLUMNS FROM `spider_task` [ RunTime:0.0009s ]
SQL: UPDATE `spider_task` SET `enabled`='0' WHERE `id` = 5 [ RunTime:0.0004s ]
NOTIC: [8] Undefined index: schedule_type /mnt/data/htdocs/newsc/web/Application/Home/Controller/TaskController.class.php 第 145 行.
INFO: [ app_end ] --START--
INFO: Run Behavior\ShowPageTraceBehavior [ RunTime:0.000082s ]
INFO: [ app_end ] --END-- [ RunTime:0.000189s ]

[ 2015-11-19T17:10:32+08:00 ] 192.168.35.2 /newsc/web/index.php/Home/Task/updateTask
INFO: [ app_begin ] --START--
INFO: Run Behavior\ReadHtmlCacheBehavior [ RunTime:0.000078s ]
INFO: [ app_begin ] --END-- [ RunTime:0.000215s ]
SQL: SHOW COLUMNS FROM `spider_task` [ RunTime:0.0010s ]
SQL: UPDATE `spider_task` SET `enabled`='0' WHERE `id` = 13 [ RunTime:0.0003s ]
NOTIC: [8] Undefined index: schedule_type /mnt/data/htdocs/newsc/web/Application/Home/Controller/TaskController.class.php 第 145 行.
INFO: [ app_end ] --START--
INFO: Run Behavior\ShowPageTraceBehavior [ RunTime:0.000082s ]
INFO: [ app_end ] --END-- [ RunTime:0.000221s ]

[ 2015-11-19T17:10:32+08:00 ] 192.168.35.2 /newsc/web/index.php/Home/Task/updateTask
INFO: [ app_begin ] --START--
INFO: Run Behavior\ReadHtmlCacheBehavior [ RunTime:0.000116s ]
INFO: [ app_begin ] --END-- [ RunTime:0.000329s ]
SQL: SHOW COLUMNS FROM `spider_task` [ RunTime:0.0038s ]
SQL: UPDATE `spider_task` SET `enabled`='0' WHERE `id` = 15 [ RunTime:0.0003s ]
NOTIC: [8] Undefined index: schedule_type /mnt/data/htdocs/newsc/web/Application/Home/Controller/TaskController.class.php 第 145 行.
INFO: [ app_end ] --START--
INFO: Run Behavior\ShowPageTraceBehavior [ RunTime:0.000080s ]
INFO: [ app_end ] --END-- [ RunTime:0.000186s ]

[ 2015-11-19T17:10:32+08:00 ] 192.168.35.2 /newsc/web/index.php/Home/Task/updateTask
INFO: [ app_begin ] --START--
INFO: Run Behavior\ReadHtmlCacheBehavior [ RunTime:0.000077s ]
INFO: [ app_begin ] --END-- [ RunTime:0.000223s ]
SQL: SHOW COLUMNS FROM `spider_task` [ RunTime:0.0008s ]
SQL: UPDATE `spider_task` SET `enabled`='0' WHERE `id` = 12 [ RunTime:0.0003s ]
NOTIC: [8] Undefined index: schedule_type /mnt/data/htdocs/newsc/web/Application/Home/Controller/TaskController.class.php 第 145 行.
INFO: [ app_end ] --START--
INFO: Run Behavior\ShowPageTraceBehavior [ RunTime:0.000081s ]
INFO: [ app_end ] --END-- [ RunTime:0.000188s ]

[ 2015-11-19T17:10:32+08:00 ] 192.168.35.2 /newsc/web/index.php/Home/Task/updateTask
INFO: [ app_begin ] --START--
INFO: Run Behavior\ReadHtmlCacheBehavior [ RunTime:0.000075s ]
INFO: [ app_begin ] --END-- [ RunTime:0.000216s ]
SQL: SHOW COLUMNS FROM `spider_task` [ RunTime:0.0009s ]
SQL: UPDATE `spider_task` SET `enabled`='0' WHERE `id` = 14 [ RunTime:0.0004s ]
NOTIC: [8] Undefined index: schedule_type /mnt/data/htdocs/newsc/web/Application/Home/Controller/TaskController.class.php 第 145 行.
INFO: [ app_end ] --START--
INFO: Run Behavior\ShowPageTraceBehavior [ RunTime:0.000080s ]
INFO: [ app_end ] --END-- [ RunTime:0.000188s ]

[ 2015-11-19T17:10:32+08:00 ] 192.168.35.2 /newsc/web/index.php/Home/Task/updateTask
INFO: [ app_begin ] --START--
INFO: Run Behavior\ReadHtmlCacheBehavior [ RunTime:0.000076s ]
INFO: [ app_begin ] --END-- [ RunTime:0.000209s ]
SQL: SHOW COLUMNS FROM `spider_task` [ RunTime:0.0009s ]
SQL: UPDATE `spider_task` SET `enabled`='0' WHERE `id` = 16 [ RunTime:0.0003s ]
NOTIC: [8] Undefined index: schedule_type /mnt/data/htdocs/newsc/web/Application/Home/Controller/TaskController.class.php 第 145 行.
INFO: [ app_end ] --START--
INFO: Run Behavior\ShowPageTraceBehavior [ RunTime:0.000082s ]
INFO: [ app_end ] --END-- [ RunTime:0.000190s ]

[ 2015-11-19T17:10:32+08:00 ] 192.168.35.2 /newsc/web/index.php/Home/SE/seList
INFO: [ app_begin ] --START--
INFO: Run Behavior\ReadHtmlCacheBehavior [ RunTime:0.000074s ]
INFO: [ app_begin ] --END-- [ RunTime:0.000210s ]
SQL: SHOW COLUMNS FROM `spider_search_engine` [ RunTime:0.0006s ]
SQL: SELECT * FROM `spider_search_engine`  [ RunTime:0.0003s ]
SQL: SELECT COUNT(*) AS tp_count FROM `spider_search_engine` LIMIT 1   [ RunTime:0.0002s ]
INFO: [ app_end ] --START--
INFO: Run Behavior\ShowPageTraceBehavior [ RunTime:0.000081s ]
INFO: [ app_end ] --END-- [ RunTime:0.000190s ]

[ 2015-11-19T17:10:32+08:00 ] 192.168.35.2 /newsc/web/index.php/Home/SE/seList
INFO: [ app_begin ] --START--
INFO: Run Behavior\ReadHtmlCacheBehavior [ RunTime:0.000097s ]
INFO: [ app_begin ] --END-- [ RunTime:0.000235s ]
SQL: SHOW COLUMNS FROM `spider_search_engine` [ RunTime:0.0005s ]
SQL: SELECT * FROM `spider_search_engine`  [ RunTime:0.0032s ]
SQL: SELECT COUNT(*) AS tp_count FROM `spider_search_engine` LIMIT 1   [ RunTime:0.0002s ]
INFO: [ app_end ] --START--
INFO: Run Behavior\ShowPageTraceBehavior [ RunTime:0.000077s ]
INFO: [ app_end ] --END-- [ RunTime:0.000182s ]

[ 2015-11-19T17:10:32+08:00 ] 192.168.35.2 /newsc/web/index.php/Home/SE/seList
INFO: [ app_begin ] --START--
INFO: Run Behavior\ReadHtmlCacheBehavior [ RunTime:0.000075s ]
INFO: [ app_begin ] --END-- [ RunTime:0.000233s ]
SQL: SHOW COLUMNS FROM `spider_search_engine` [ RunTime:0.0006s ]
SQL: SELECT * FROM `spider_search_engine`  [ RunTime:0.0003s ]
SQL: SELECT COUNT(*) AS tp_count FROM `spider_search_engine` LIMIT 1   [ RunTime:0.0002s ]
INFO: [ app_end ] --START--
INFO: Run Behavior\ShowPageTraceBehavior [ RunTime:0.000081s ]
INFO: [ app_end ] --END-- [ RunTime:0.000192s ]

[ 2015-11-19T17:10:32+08:00 ] 192.168.35.2 /newsc/web/index.php/Home/Task/updateTask
INFO: [ app_begin ] --START--
INFO: Run Behavior\ReadHtmlCacheBehavior [ RunTime:0.000079s ]
INFO: [ app_begin ] --END-- [ RunTime:0.001693s ]
SQL: SHOW COLUMNS FROM `spider_task` [ RunTime:0.0009s ]
SQL: UPDATE `spider_task` SET `enabled`='0' WHERE `id` = 17 [ RunTime:0.0003s ]
NOTIC: [8] Undefined index: schedule_type /mnt/data/htdocs/newsc/web/Application/Home/Controller/TaskController.class.php 第 145 行.
INFO: [ app_end ] --START--
INFO: Run Behavior\ShowPageTraceBehavior [ RunTime:0.000081s ]
INFO: [ app_end ] --END-- [ RunTime:0.000185s ]

[ 2015-11-19T17:10:32+08:00 ] 192.168.35.2 /newsc/web/index.php/Home/Task/taskList
INFO: [ app_begin ] --START--
INFO: Run Behavior\ReadHtmlCacheBehavior [ RunTime:0.000075s ]
INFO: [ app_begin ] --END-- [ RunTime:0.000208s ]
SQL: SHOW COLUMNS FROM `spider_task` [ RunTime:0.0009s ]
SQL: SELECT * FROM `spider_task` WHERE `task_type` = 2 LIMIT 0,10   [ RunTime:0.0004s ]
SQL: SHOW COLUMNS FROM `spider_schedule` [ RunTime:0.0005s ]
SQL: SHOW COLUMNS FROM `spider_search_engine` [ RunTime:0.0006s ]
SQL: SELECT `se_name` FROM `spider_search_engine` WHERE `id` = 1  [ RunTime:0.0003s ]
SQL: SELECT `se_name` FROM `spider_search_engine` WHERE `id` = 3  [ RunTime:0.0002s ]
NOTIC: [8] Undefined offset: 0 /mnt/data/htdocs/newsc/web/Application/Home/Controller/TaskController.class.php 第 33 行.
SQL: SELECT `se_name` FROM `spider_search_engine` WHERE `id` = 3  [ RunTime:0.0002s ]
NOTIC: [8] Undefined offset: 0 /mnt/data/htdocs/newsc/web/Application/Home/Controller/TaskController.class.php 第 33 行.
SQL: SELECT `se_name` FROM `spider_search_engine` WHERE `id` = 4  [ RunTime:0.0002s ]
NOTIC: [8] Undefined offset: 0 /mnt/data/htdocs/newsc/web/Application/Home/Controller/TaskController.class.php 第 33 行.
SQL: SELECT `time` FROM `spider_schedule` WHERE `task_id` = 16  [ RunTime:0.0002s ]
SQL: SELECT COUNT(*) AS tp_count FROM `spider_task` WHERE `task_type` = 2 LIMIT 1   [ RunTime:0.0003s ]
INFO: [ app_end ] --START--
INFO: Run Behavior\ShowPageTraceBehavior [ RunTime:0.000080s ]
INFO: [ app_end ] --END-- [ RunTime:0.000190s ]

[ 2015-11-19T17:10:32+08:00 ] 192.168.35.2 /newsc/web/index.php/Home/Task/taskList
INFO: [ app_begin ] --START--
INFO: Run Behavior\ReadHtmlCacheBehavior [ RunTime:0.000075s ]
INFO: [ app_begin ] --END-- [ RunTime:0.000220s ]
SQL: SHOW COLUMNS FROM `spider_task` [ RunTime:0.0009s ]
SQL: SELECT * FROM `spider_task` WHERE `task_type` = 2 LIMIT 0,10   [ RunTime:0.0005s ]
SQL: SHOW COLUMNS FROM `spider_schedule` [ RunTime:0.0005s ]
SQL: SHOW COLUMNS FROM `spider_search_engine` [ RunTime:0.0006s ]
SQL: SELECT `se_name` FROM `spider_search_engine` WHERE `id` = 1  [ RunTime:0.0002s ]
SQL: SELECT `se_name` FROM `spider_search_engine` WHERE `id` = 3  [ RunTime:0.0002s ]
NOTIC: [8] Undefined offset: 0 /mnt/data/htdocs/newsc/web/Application/Home/Controller/TaskController.class.php 第 33 行.
SQL: SELECT `se_name` FROM `spider_search_engine` WHERE `id` = 3  [ RunTime:0.0002s ]
NOTIC: [8] Undefined offset: 0 /mnt/data/htdocs/newsc/web/Application/Home/Controller/TaskController.class.php 第 33 行.
SQL: SELECT `se_name` FROM `spider_search_engine` WHERE `id` = 4  [ RunTime:0.0002s ]
NOTIC: [8] Undefined offset: 0 /mnt/data/htdocs/newsc/web/Application/Home/Controller/TaskController.class.php 第 33 行.
SQL: SELECT `time` FROM `spider_schedule` WHERE `task_id` = 16  [ RunTime:0.0002s ]
SQL: SELECT COUNT(*) AS tp_count FROM `spider_task` WHERE `task_type` = 2 LIMIT 1   [ RunTime:0.0002s ]
INFO: [ app_end ] --START--
INFO: Run Behavior\ShowPageTraceBehavior [ RunTime:0.000081s ]
INFO: [ app_end ] --END-- [ RunTime:0.000189s ]

[ 2015-11-19T17:10:32+08:00 ] 192.168.35.2 /newsc/web/index.php/Home/SE/seList
INFO: [ app_begin ] --START--
INFO: Run Behavior\ReadHtmlCacheBehavior [ RunTime:0.000075s ]
INFO: [ app_begin ] --END-- [ RunTime:0.000209s ]
SQL: SHOW COLUMNS FROM `spider_search_engine` [ RunTime:0.0005s ]
SQL: SELECT * FROM `spider_search_engine`  [ RunTime:0.0010s ]
SQL: SELECT COUNT(*) AS tp_count FROM `spider_search_engine` LIMIT 1   [ RunTime:0.0002s ]
INFO: [ app_end ] --START--
INFO: Run Behavior\ShowPageTraceBehavior [ RunTime:0.000082s ]
INFO: [ app_end ] --END-- [ RunTime:0.000190s ]

[ 2015-11-19T17:10:32+08:00 ] 192.168.35.2 /newsc/web/index.php/Home/Task/taskList
INFO: [ app_begin ] --START--
INFO: Run Behavior\ReadHtmlCacheBehavior [ RunTime:0.000074s ]
INFO: [ app_begin ] --END-- [ RunTime:0.000206s ]
SQL: SHOW COLUMNS FROM `spider_task` [ RunTime:0.0009s ]
SQL: SELECT * FROM `spider_task` WHERE `task_type` = 2 LIMIT 0,10   [ RunTime:0.0004s ]
SQL: SHOW COLUMNS FROM `spider_schedule` [ RunTime:0.0005s ]
SQL: SHOW COLUMNS FROM `spider_search_engine` [ RunTime:0.0005s ]
SQL: SELECT `se_name` FROM `spider_search_engine` WHERE `id` = 1  [ RunTime:0.0002s ]
SQL: SELECT `se_name` FROM `spider_search_engine` WHERE `id` = 3  [ RunTime:0.0002s ]
NOTIC: [8] Undefined offset: 0 /mnt/data/htdocs/newsc/web/Application/Home/Controller/TaskController.class.php 第 33 行.
SQL: SELECT `se_name` FROM `spider_search_engine` WHERE `id` = 3  [ RunTime:0.0002s ]
NOTIC: [8] Undefined offset: 0 /mnt/data/htdocs/newsc/web/Application/Home/Controller/TaskController.class.php 第 33 行.
SQL: SELECT `se_name` FROM `spider_search_engine` WHERE `id` = 4  [ RunTime:0.0002s ]
NOTIC: [8] Undefined offset: 0 /mnt/data/htdocs/newsc/web/Application/Home/Controller/TaskController.class.php 第 33 行.
SQL: SELECT `time` FROM `spider_schedule` WHERE `task_id` = 16  [ RunTime:0.0002s ]
SQL: SELECT COUNT(*) AS tp_count FROM `spider_task` WHERE `task_type` = 2 LIMIT 1   [ RunTime:0.0002s ]
INFO: [ app_end ] --START--
INFO: Run Behavior\ShowPageTraceBehavior [ RunTime:0.000103s ]
INFO: [ app_end ] --END-- [ RunTime:0.000212s ]

[ 2015-11-19T17:10:32+08:00 ] 192.168.35.2 /newsc/web/index.php/Home/SE/seList
INFO: [ app_begin ] --START--
INFO: Run Behavior\ReadHtmlCacheBehavior [ RunTime:0.000102s ]
INFO: [ app_begin ] --END-- [ RunTime:0.000239s ]
SQL: SHOW COLUMNS FROM `spider_search_engine` [ RunTime:0.0005s ]
SQL: SELECT * FROM `spider_search_engine`  [ RunTime:0.0013s ]
SQL: SELECT COUNT(*) AS tp_count FROM `spider_search_engine` LIMIT 1   [ RunTime:0.0002s ]
INFO: [ app_end ] --START--
INFO: Run Behavior\ShowPageTraceBehavior [ RunTime:0.000083s ]
INFO: [ app_end ] --END-- [ RunTime:0.000192s ]

[ 2015-11-19T17:10:32+08:00 ] 192.168.35.2 /newsc/web/index.php/Home/Task/taskList
INFO: [ app_begin ] --START--
INFO: Run Behavior\ReadHtmlCacheBehavior [ RunTime:0.000076s ]
INFO: [ app_begin ] --END-- [ RunTime:0.000214s ]
SQL: SHOW COLUMNS FROM `spider_task` [ RunTime:0.0009s ]
SQL: SELECT * FROM `spider_task` WHERE `task_type` = 2 LIMIT 0,10   [ RunTime:0.0004s ]
SQL: SHOW COLUMNS FROM `spider_schedule` [ RunTime:0.0005s ]
SQL: SHOW COLUMNS FROM `spider_search_engine` [ RunTime:0.0006s ]
SQL: SELECT `se_name` FROM `spider_search_engine` WHERE `id` = 1  [ RunTime:0.0002s ]
SQL: SELECT `se_name` FROM `spider_search_engine` WHERE `id` = 3  [ RunTime:0.0002s ]
NOTIC: [8] Undefined offset: 0 /mnt/data/htdocs/newsc/web/Application/Home/Controller/TaskController.class.php 第 33 行.
SQL: SELECT `se_name` FROM `spider_search_engine` WHERE `id` = 3  [ RunTime:0.0002s ]
NOTIC: [8] Undefined offset: 0 /mnt/data/htdocs/newsc/web/Application/Home/Controller/TaskController.class.php 第 33 行.
SQL: SELECT `se_name` FROM `spider_search_engine` WHERE `id` = 4  [ RunTime:0.0002s ]
NOTIC: [8] Undefined offset: 0 /mnt/data/htdocs/newsc/web/Application/Home/Controller/TaskController.class.php 第 33 行.
SQL: SELECT `time` FROM `spider_schedule` WHERE `task_id` = 16  [ RunTime:0.0002s ]
SQL: SELECT COUNT(*) AS tp_count FROM `spider_task` WHERE `task_type` = 2 LIMIT 1   [ RunTime:0.0002s ]
INFO: [ app_end ] --START--
INFO: Run Behavior\ShowPageTraceBehavior [ RunTime:0.000080s ]
INFO: [ app_end ] --END-- [ RunTime:0.000190s ]

[ 2015-11-19T17:10:32+08:00 ] 192.168.35.2 /newsc/web/index.php/Home/SE/seList
INFO: [ app_begin ] --START--
INFO: Run Behavior\ReadHtmlCacheBehavior [ RunTime:0.000102s ]
INFO: [ app_begin ] --END-- [ RunTime:0.000241s ]
SQL: SHOW COLUMNS FROM `spider_search_engine` [ RunTime:0.0006s ]
SQL: SELECT * FROM `spider_search_engine`  [ RunTime:0.0031s ]
SQL: SELECT COUNT(*) AS tp_count FROM `spider_search_engine` LIMIT 1   [ RunTime:0.0002s ]
INFO: [ app_end ] --START--
INFO: Run Behavior\ShowPageTraceBehavior [ RunTime:0.000080s ]
INFO: [ app_end ] --END-- [ RunTime:0.000185s ]

[ 2015-11-19T17:10:32+08:00 ] 192.168.35.2 /newsc/web/index.php/Home/Task/taskList
INFO: [ app_begin ] --START--
INFO: Run Behavior\ReadHtmlCacheBehavior [ RunTime:0.000083s ]
INFO: [ app_begin ] --END-- [ RunTime:0.000251s ]
SQL: SHOW COLUMNS FROM `spider_task` [ RunTime:0.0009s ]
SQL: SELECT * FROM `spider_task` WHERE `task_type` = 2 LIMIT 0,10   [ RunTime:0.0004s ]
SQL: SHOW COLUMNS FROM `spider_schedule` [ RunTime:0.0005s ]
SQL: SHOW COLUMNS FROM `spider_search_engine` [ RunTime:0.0006s ]
SQL: SELECT `se_name` FROM `spider_search_engine` WHERE `id` = 1  [ RunTime:0.0003s ]
SQL: SELECT `se_name` FROM `spider_search_engine` WHERE `id` = 3  [ RunTime:0.0002s ]
NOTIC: [8] Undefined offset: 0 /mnt/data/htdocs/newsc/web/Application/Home/Controller/TaskController.class.php 第 33 行.
SQL: SELECT `se_name` FROM `spider_search_engine` WHERE `id` = 3  [ RunTime:0.0002s ]
NOTIC: [8] Undefined offset: 0 /mnt/data/htdocs/newsc/web/Application/Home/Controller/TaskController.class.php 第 33 行.
SQL: SELECT `se_name` FROM `spider_search_engine` WHERE `id` = 4  [ RunTime:0.0002s ]
NOTIC: [8] Undefined offset: 0 /mnt/data/htdocs/newsc/web/Application/Home/Controller/TaskController.class.php 第 33 行.
SQL: SELECT `time` FROM `spider_schedule` WHERE `task_id` = 16  [ RunTime:0.0002s ]
SQL: SELECT COUNT(*) AS tp_count FROM `spider_task` WHERE `task_type` = 2 LIMIT 1   [ RunTime:0.0002s ]
INFO: [ app_end ] --START--
INFO: Run Behavior\ShowPageTraceBehavior [ RunTime:0.000083s ]
INFO: [ app_end ] --END-- [ RunTime:0.000214s ]

[ 2015-11-19T17:10:32+08:00 ] 192.168.35.2 /newsc/web/index.php/Home/Task/taskList
INFO: [ app_begin ] --START--
INFO: Run Behavior\ReadHtmlCacheBehavior [ RunTime:0.000075s ]
INFO: [ app_begin ] --END-- [ RunTime:0.000210s ]
SQL: SHOW COLUMNS FROM `spider_task` [ RunTime:0.0008s ]
SQL: SELECT * FROM `spider_task` WHERE `task_type` = 2 LIMIT 0,10   [ RunTime:0.0004s ]
SQL: SHOW COLUMNS FROM `spider_schedule` [ RunTime:0.0004s ]
SQL: SHOW COLUMNS FROM `spider_search_engine` [ RunTime:0.0005s ]
SQL: SELECT `se_name` FROM `spider_search_engine` WHERE `id` = 1  [ RunTime:0.0002s ]
SQL: SELECT `se_name` FROM `spider_search_engine` WHERE `id` = 3  [ RunTime:0.0002s ]
NOTIC: [8] Undefined offset: 0 /mnt/data/htdocs/newsc/web/Application/Home/Controller/TaskController.class.php 第 33 行.
SQL: SELECT `se_name` FROM `spider_search_engine` WHERE `id` = 3  [ RunTime:0.0002s ]
NOTIC: [8] Undefined offset: 0 /mnt/data/htdocs/newsc/web/Application/Home/Controller/TaskController.class.php 第 33 行.
SQL: SELECT `se_name` FROM `spider_search_engine` WHERE `id` = 4  [ RunTime:0.0002s ]
NOTIC: [8] Undefined offset: 0 /mnt/data/htdocs/newsc/web/Application/Home/Controller/TaskController.class.php 第 33 行.
SQL: SELECT `time` FROM `spider_schedule` WHERE `task_id` = 16  [ RunTime:0.0002s ]
SQL: SELECT COUNT(*) AS tp_count FROM `spider_task` WHERE `task_type` = 2 LIMIT 1   [ RunTime:0.0002s ]
INFO: [ app_end ] --START--
INFO: Run Behavior\ShowPageTraceBehavior [ RunTime:0.000080s ]
INFO: [ app_end ] --END-- [ RunTime:0.000191s ]

[ 2015-11-19T17:10:32+08:00 ] 192.168.35.2 /newsc/web/index.php/Home/SE/seList
INFO: [ app_begin ] --START--
INFO: Run Behavior\ReadHtmlCacheBehavior [ RunTime:0.000100s ]
INFO: [ app_begin ] --END-- [ RunTime:0.000253s ]
SQL: SHOW COLUMNS FROM `spider_search_engine` [ RunTime:0.0006s ]
SQL: SELECT * FROM `spider_search_engine`  [ RunTime:0.0019s ]
SQL: SELECT COUNT(*) AS tp_count FROM `spider_search_engine` LIMIT 1   [ RunTime:0.0002s ]
INFO: [ app_end ] --START--
INFO: Run Behavior\ShowPageTraceBehavior [ RunTime:0.000080s ]
INFO: [ app_end ] --END-- [ RunTime:0.000186s ]

[ 2015-11-19T17:10:32+08:00 ] 192.168.35.2 /newsc/web/index.php/Home/Task/taskList
INFO: [ app_begin ] --START--
INFO: Run Behavior\ReadHtmlCacheBehavior [ RunTime:0.000097s ]
INFO: [ app_begin ] --END-- [ RunTime:0.000232s ]
SQL: SHOW COLUMNS FROM `spider_task` [ RunTime:0.0009s ]
SQL: SELECT * FROM `spider_task` WHERE `task_type` = 2 LIMIT 0,10   [ RunTime:0.0004s ]
SQL: SHOW COLUMNS FROM `spider_schedule` [ RunTime:0.0005s ]
SQL: SHOW COLUMNS FROM `spider_search_engine` [ RunTime:0.0006s ]
SQL: SELECT `se_name` FROM `spider_search_engine` WHERE `id` = 1  [ RunTime:0.0002s ]
SQL: SELECT `se_name` FROM `spider_search_engine` WHERE `id` = 3  [ RunTime:0.0002s ]
NOTIC: [8] Undefined offset: 0 /mnt/data/htdocs/newsc/web/Application/Home/Controller/TaskController.class.php 第 33 行.
SQL: SELECT `se_name` FROM `spider_search_engine` WHERE `id` = 3  [ RunTime:0.0002s ]
NOTIC: [8] Undefined offset: 0 /mnt/data/htdocs/newsc/web/Application/Home/Controller/TaskController.class.php 第 33 行.
SQL: SELECT `se_name` FROM `spider_search_engine` WHERE `id` = 4  [ RunTime:0.0002s ]
NOTIC: [8] Undefined offset: 0 /mnt/data/htdocs/newsc/web/Application/Home/Controller/TaskController.class.php 第 33 行.
SQL: SELECT `time` FROM `spider_schedule` WHERE `task_id` = 16  [ RunTime:0.0002s ]
SQL: SELECT COUNT(*) AS tp_count FROM `spider_task` WHERE `task_type` = 2 LIMIT 1   [ RunTime:0.0002s ]
INFO: [ app_end ] --START--
INFO: Run Behavior\ShowPageTraceBehavior [ RunTime:0.000081s ]
INFO: [ app_end ] --END-- [ RunTime:0.000226s ]

[ 2015-11-19T17:10:32+08:00 ] 192.168.35.2 /newsc/web/index.php/Home/Task/taskList
INFO: [ app_begin ] --START--
INFO: Run Behavior\ReadHtmlCacheBehavior [ RunTime:0.000076s ]
INFO: [ app_begin ] --END-- [ RunTime:0.000238s ]
SQL: SHOW COLUMNS FROM `spider_task` [ RunTime:0.0008s ]
SQL: SELECT * FROM `spider_task` WHERE `task_type` = 2 LIMIT 0,10   [ RunTime:0.0004s ]
SQL: SHOW COLUMNS FROM `spider_schedule` [ RunTime:0.0005s ]
SQL: SHOW COLUMNS FROM `spider_search_engine` [ RunTime:0.0006s ]
SQL: SELECT `se_name` FROM `spider_search_engine` WHERE `id` = 1  [ RunTime:0.0002s ]
SQL: SELECT `se_name` FROM `spider_search_engine` WHERE `id` = 3  [ RunTime:0.0002s ]
NOTIC: [8] Undefined offset: 0 /mnt/data/htdocs/newsc/web/Application/Home/Controller/TaskController.class.php 第 33 行.
SQL: SELECT `se_name` FROM `spider_search_engine` WHERE `id` = 3  [ RunTime:0.0002s ]
NOTIC: [8] Undefined offset: 0 /mnt/data/htdocs/newsc/web/Application/Home/Controller/TaskController.class.php 第 33 行.
SQL: SELECT `se_name` FROM `spider_search_engine` WHERE `id` = 4  [ RunTime:0.0002s ]
NOTIC: [8] Undefined offset: 0 /mnt/data/htdocs/newsc/web/Application/Home/Controller/TaskController.class.php 第 33 行.
SQL: SELECT `time` FROM `spider_schedule` WHERE `task_id` = 16  [ RunTime:0.0002s ]
SQL: SELECT COUNT(*) AS tp_count FROM `spider_task` WHERE `task_type` = 2 LIMIT 1   [ RunTime:0.0003s ]
INFO: [ app_end ] --START--
INFO: Run Behavior\ShowPageTraceBehavior [ RunTime:0.000080s ]
INFO: [ app_end ] --END-- [ RunTime:0.000215s ]

[ 2015-11-19T17:10:32+08:00 ] 192.168.35.2 /newsc/web/index.php/Home/SE/seList
INFO: [ app_begin ] --START--
INFO: Run Behavior\ReadHtmlCacheBehavior [ RunTime:0.000074s ]
INFO: [ app_begin ] --END-- [ RunTime:0.000208s ]
SQL: SHOW COLUMNS FROM `spider_search_engine` [ RunTime:0.0006s ]
SQL: SELECT * FROM `spider_search_engine`  [ RunTime:0.0002s ]
SQL: SELECT COUNT(*) AS tp_count FROM `spider_search_engine` LIMIT 1   [ RunTime:0.0002s ]
INFO: [ app_end ] --START--
INFO: Run Behavior\ShowPageTraceBehavior [ RunTime:0.000111s ]
INFO: [ app_end ] --END-- [ RunTime:0.000219s ]

[ 2015-11-19T17:10:32+08:00 ] 192.168.35.2 /newsc/web/index.php/Home/SE/seList
INFO: [ app_begin ] --START--
INFO: Run Behavior\ReadHtmlCacheBehavior [ RunTime:0.000075s ]
INFO: [ app_begin ] --END-- [ RunTime:0.000212s ]
SQL: SHOW COLUMNS FROM `spider_search_engine` [ RunTime:0.0005s ]
SQL: SELECT * FROM `spider_search_engine`  [ RunTime:0.0002s ]
SQL: SELECT COUNT(*) AS tp_count FROM `spider_search_engine` LIMIT 1   [ RunTime:0.0002s ]
INFO: [ app_end ] --START--
INFO: Run Behavior\ShowPageTraceBehavior [ RunTime:0.000081s ]
INFO: [ app_end ] --END-- [ RunTime:0.000208s ]

[ 2015-11-19T17:10:32+08:00 ] 192.168.35.2 /newsc/web/index.php/Home/SE/seList
INFO: [ app_begin ] --START--
INFO: Run Behavior\ReadHtmlCacheBehavior [ RunTime:0.000100s ]
INFO: [ app_begin ] --END-- [ RunTime:0.000236s ]
SQL: SHOW COLUMNS FROM `spider_search_engine` [ RunTime:0.0005s ]
SQL: SELECT * FROM `spider_search_engine`  [ RunTime:0.0002s ]
SQL: SELECT COUNT(*) AS tp_count FROM `spider_search_engine` LIMIT 1   [ RunTime:0.0002s ]
INFO: [ app_end ] --START--
INFO: Run Behavior\ShowPageTraceBehavior [ RunTime:0.000103s ]
INFO: [ app_end ] --END-- [ RunTime:0.000213s ]

[ 2015-11-19T17:10:32+08:00 ] 192.168.35.2 /newsc/web/index.php/Home/Task/taskList
INFO: [ app_begin ] --START--
INFO: Run Behavior\ReadHtmlCacheBehavior [ RunTime:0.000078s ]
INFO: [ app_begin ] --END-- [ RunTime:0.000238s ]
SQL: SHOW COLUMNS FROM `spider_task` [ RunTime:0.0008s ]
SQL: SELECT * FROM `spider_task` WHERE `task_type` = 2 LIMIT 0,10   [ RunTime:0.0004s ]
SQL: SHOW COLUMNS FROM `spider_schedule` [ RunTime:0.0005s ]
SQL: SHOW COLUMNS FROM `spider_search_engine` [ RunTime:0.0006s ]
SQL: SELECT `se_name` FROM `spider_search_engine` WHERE `id` = 1  [ RunTime:0.0002s ]
SQL: SELECT `se_name` FROM `spider_search_engine` WHERE `id` = 3  [ RunTime:0.0002s ]
NOTIC: [8] Undefined offset: 0 /mnt/data/htdocs/newsc/web/Application/Home/Controller/TaskController.class.php 第 33 行.
SQL: SELECT `se_name` FROM `spider_search_engine` WHERE `id` = 3  [ RunTime:0.0002s ]
NOTIC: [8] Undefined offset: 0 /mnt/data/htdocs/newsc/web/Application/Home/Controller/TaskController.class.php 第 33 行.
SQL: SELECT `se_name` FROM `spider_search_engine` WHERE `id` = 4  [ RunTime:0.0002s ]
NOTIC: [8] Undefined offset: 0 /mnt/data/htdocs/newsc/web/Application/Home/Controller/TaskController.class.php 第 33 行.
SQL: SELECT `time` FROM `spider_schedule` WHERE `task_id` = 16  [ RunTime:0.0002s ]
SQL: SELECT COUNT(*) AS tp_count FROM `spider_task` WHERE `task_type` = 2 LIMIT 1   [ RunTime:0.0002s ]
INFO: [ app_end ] --START--
INFO: Run Behavior\ShowPageTraceBehavior [ RunTime:0.000082s ]
INFO: [ app_end ] --END-- [ RunTime:0.000189s ]

[ 2015-11-19T17:10:33+08:00 ] 192.168.35.2 /newsc/web/index.php/Home/Task/taskList
INFO: [ app_begin ] --START--
INFO: Run Behavior\ReadHtmlCacheBehavior [ RunTime:0.000076s ]
INFO: [ app_begin ] --END-- [ RunTime:0.000211s ]
SQL: SHOW COLUMNS FROM `spider_task` [ RunTime:0.0009s ]
SQL: SELECT * FROM `spider_task` WHERE `task_type` = 2 LIMIT 0,10   [ RunTime:0.0004s ]
SQL: SHOW COLUMNS FROM `spider_schedule` [ RunTime:0.0004s ]
SQL: SHOW COLUMNS FROM `spider_search_engine` [ RunTime:0.0005s ]
SQL: SELECT `se_name` FROM `spider_search_engine` WHERE `id` = 1  [ RunTime:0.0002s ]
SQL: SELECT `se_name` FROM `spider_search_engine` WHERE `id` = 3  [ RunTime:0.0002s ]
NOTIC: [8] Undefined offset: 0 /mnt/data/htdocs/newsc/web/Application/Home/Controller/TaskController.class.php 第 33 行.
SQL: SELECT `se_name` FROM `spider_search_engine` WHERE `id` = 3  [ RunTime:0.0002s ]
NOTIC: [8] Undefined offset: 0 /mnt/data/htdocs/newsc/web/Application/Home/Controller/TaskController.class.php 第 33 行.
SQL: SELECT `se_name` FROM `spider_search_engine` WHERE `id` = 4  [ RunTime:0.0002s ]
NOTIC: [8] Undefined offset: 0 /mnt/data/htdocs/newsc/web/Application/Home/Controller/TaskController.class.php 第 33 行.
SQL: SELECT `time` FROM `spider_schedule` WHERE `task_id` = 16  [ RunTime:0.0002s ]
SQL: SELECT COUNT(*) AS tp_count FROM `spider_task` WHERE `task_type` = 2 LIMIT 1   [ RunTime:0.0003s ]
INFO: [ app_end ] --START--
INFO: Run Behavior\ShowPageTraceBehavior [ RunTime:0.000082s ]
INFO: [ app_end ] --END-- [ RunTime:0.000191s ]

[ 2015-11-19T17:48:01+08:00 ] 192.168.35.2 /newsc/web/index.php/Home/Task/taskList
INFO: [ app_begin ] --START--
INFO: Run Behavior\ReadHtmlCacheBehavior [ RunTime:0.000105s ]
INFO: [ app_begin ] --END-- [ RunTime:0.000262s ]
INFO: [ app_end ] --START--
INFO: Run Behavior\ShowPageTraceBehavior [ RunTime:0.000080s ]
INFO: [ app_end ] --END-- [ RunTime:0.000191s ]

[ 2015-11-19T17:48:01+08:00 ] 192.168.35.2 /newsc/web/index.php/Home/Task/taskList
INFO: [ app_begin ] --START--
INFO: Run Behavior\ReadHtmlCacheBehavior [ RunTime:0.000149s ]
INFO: [ app_begin ] --END-- [ RunTime:0.000409s ]
INFO: [ app_end ] --START--
INFO: Run Behavior\ShowPageTraceBehavior [ RunTime:0.000116s ]
INFO: [ app_end ] --END-- [ RunTime:0.000233s ]

[ 2015-11-19T17:48:01+08:00 ] 192.168.35.2 /newsc/web/index.php/Home/index/loginOperation
INFO: [ app_begin ] --START--
INFO: Run Behavior\ReadHtmlCacheBehavior [ RunTime:0.000147s ]
INFO: [ app_begin ] --END-- [ RunTime:0.000331s ]
INFO: [ app_end ] --START--
INFO: Run Behavior\ShowPageTraceBehavior [ RunTime:0.000117s ]
INFO: [ app_end ] --END-- [ RunTime:0.000230s ]

[ 2015-11-19T17:48:06+08:00 ] 192.168.35.2 /newsc/web/index.php/Home/Index/login
INFO: [ app_begin ] --START--
INFO: Run Behavior\ReadHtmlCacheBehavior [ RunTime:0.000079s ]
INFO: [ app_begin ] --END-- [ RunTime:0.000220s ]
NOTIC: [8192] mysql_connect(): The mysql extension is deprecated and will be removed in the future: use mysqli or PDO instead /mnt/data/htdocs/newsc/web/Application/Home/Event/DBEvent.class.php 第 298 行.
SQL: SHOW COLUMNS FROM `spider_user` [ RunTime:0.0009s ]
NOTIC: [8] Undefined index: validate /mnt/data/htdocs/newsc/web/ThinkPHP/Library/Think/Model.class.php 第 1185 行.
NOTIC: [8] Undefined index: auto /mnt/data/htdocs/newsc/web/ThinkPHP/Library/Think/Model.class.php 第 1128 行.
SQL: SELECT * FROM `spider_user` WHERE `lock` = 0 AND `name` = 'admin'  [ RunTime:0.0003s ]
SQL: SELECT * FROM `spider_user` WHERE `name` = 'admin' AND `pwd` = 'admin'  [ RunTime:0.0003s ]
SQL: UPDATE `spider_user` SET `ip`='192.168.35.2' WHERE `id` = 1 [ RunTime:0.0003s ]
INFO: [ app_end ] --START--
INFO: Run Behavior\ShowPageTraceBehavior [ RunTime:0.000104s ]
INFO: [ app_end ] --END-- [ RunTime:0.000211s ]

[ 2015-11-19T17:48:06+08:00 ] 192.168.35.2 /newsc/web/index.php/Home/Alarm/contentList
INFO: [ app_begin ] --START--
INFO: Run Behavior\ReadHtmlCacheBehavior [ RunTime:0.000145s ]
INFO: [ app_begin ] --END-- [ RunTime:0.000293s ]
SQL: SHOW COLUMNS FROM `spider_content_collect` [ RunTime:0.0010s ]
SQL: SELECT spider_content_collect.*,spider_alert_rule.rule_alert,spider_task.task_name FROM `spider_content_collect` LEFT JOIN spider_alert_rule ON spider_alert_rule.task_id = spider_content_collect.task_id LEFT JOIN spider_task ON spider_task.id = spider_content_collect.task_id  ORDER BY time desc LIMIT 0,10   [ RunTime:0.0133s ]
SQL: SHOW COLUMNS FROM `spider_user_read` [ RunTime:0.0006s ]
SQL: SELECT `uid` FROM `spider_user_read` WHERE ( uid='1' AND ccid='1061' ) LIMIT 1   [ RunTime:0.0003s ]
SQL: SELECT `uid` FROM `spider_user_read` WHERE ( uid='1' AND ccid='1060' ) LIMIT 1   [ RunTime:0.0002s ]
SQL: SELECT `uid` FROM `spider_user_read` WHERE ( uid='1' AND ccid='1059' ) LIMIT 1   [ RunTime:0.0002s ]
SQL: SELECT `uid` FROM `spider_user_read` WHERE ( uid='1' AND ccid='1058' ) LIMIT 1   [ RunTime:0.0002s ]
SQL: SELECT `uid` FROM `spider_user_read` WHERE ( uid='1' AND ccid='1057' ) LIMIT 1   [ RunTime:0.0003s ]
SQL: SELECT `uid` FROM `spider_user_read` WHERE ( uid='1' AND ccid='1056' ) LIMIT 1   [ RunTime:0.0002s ]
SQL: SELECT `uid` FROM `spider_user_read` WHERE ( uid='1' AND ccid='1055' ) LIMIT 1   [ RunTime:0.0002s ]
SQL: SELECT `uid` FROM `spider_user_read` WHERE ( uid='1' AND ccid='1054' ) LIMIT 1   [ RunTime:0.0002s ]
SQL: SELECT `uid` FROM `spider_user_read` WHERE ( uid='1' AND ccid='1053' ) LIMIT 1   [ RunTime:0.0002s ]
SQL: SELECT `uid` FROM `spider_user_read` WHERE ( uid='1' AND ccid='1052' ) LIMIT 1   [ RunTime:0.0002s ]
SQL: SELECT COUNT(*) AS tp_count FROM `spider_content_collect` LIMIT 1   [ RunTime:0.0002s ]
INFO: [ app_end ] --START--
INFO: Run Behavior\ShowPageTraceBehavior [ RunTime:0.000142s ]
INFO: [ app_end ] --END-- [ RunTime:0.000273s ]

[ 2015-11-19T17:48:06+08:00 ] 192.168.35.2 /newsc/web/index.php/Home/count/allAnswerCount
INFO: [ app_begin ] --START--
INFO: Run Behavior\ReadHtmlCacheBehavior [ RunTime:0.000078s ]
INFO: [ app_begin ] --END-- [ RunTime:0.000233s ]
SQL: SHOW COLUMNS FROM `spider_content_collect` [ RunTime:0.0007s ]
SQL: select count(id) as count from spider_content_collect where task_type=1 [ RunTime:0.0003s ]
INFO: [ app_end ] --START--
INFO: Run Behavior\ShowPageTraceBehavior [ RunTime:0.000082s ]
INFO: [ app_end ] --END-- [ RunTime:0.000188s ]

[ 2015-11-19T17:48:06+08:00 ] 192.168.35.2 /newsc/web/index.php/Home/count/allAnswerCount
INFO: [ app_begin ] --START--
INFO: Run Behavior\ReadHtmlCacheBehavior [ RunTime:0.000093s ]
INFO: [ app_begin ] --END-- [ RunTime:0.000332s ]
SQL: SHOW COLUMNS FROM `spider_content_collect` [ RunTime:0.0007s ]
SQL: select count(id) as count from spider_content_collect where task_type=2 [ RunTime:0.0003s ]
INFO: [ app_end ] --START--
INFO: Run Behavior\ShowPageTraceBehavior [ RunTime:0.000083s ]
INFO: [ app_end ] --END-- [ RunTime:0.000188s ]

[ 2015-11-19T17:48:06+08:00 ] 192.168.35.2 /newsc/web/index.php/Home/Alarm/alarmList
INFO: [ app_begin ] --START--
INFO: Run Behavior\ReadHtmlCacheBehavior [ RunTime:0.000077s ]
INFO: [ app_begin ] --END-- [ RunTime:0.000212s ]
SQL: SHOW COLUMNS FROM `spider_content_collect` [ RunTime:0.0008s ]
SQL: SELECT spider_content_collect.*,spider_alert_rule.rule_alert,spider_task.task_name FROM `spider_content_collect` LEFT JOIN spider_alert_rule ON spider_alert_rule.task_id = spider_content_collect.task_id LEFT JOIN spider_task ON spider_task.id = spider_content_collect.task_id  WHERE `flag` = 1 AND `alert` = 1  [ RunTime:0.0009s ]
SQL: SHOW COLUMNS FROM `spider_user_read` [ RunTime:0.0005s ]
SQL: SELECT `uid` FROM `spider_user_read` WHERE ( uid='1' AND ccid='1028' ) LIMIT 1   [ RunTime:0.0002s ]
SQL: SELECT `uid` FROM `spider_user_read` WHERE ( uid='1' AND ccid='1029' ) LIMIT 1   [ RunTime:0.0002s ]
SQL: SELECT `uid` FROM `spider_user_read` WHERE ( uid='1' AND ccid='1030' ) LIMIT 1   [ RunTime:0.0002s ]
SQL: SELECT `uid` FROM `spider_user_read` WHERE ( uid='1' AND ccid='1031' ) LIMIT 1   [ RunTime:0.0002s ]
SQL: SELECT `uid` FROM `spider_user_read` WHERE ( uid='1' AND ccid='1032' ) LIMIT 1   [ RunTime:0.0002s ]
SQL: SELECT `uid` FROM `spider_user_read` WHERE ( uid='1' AND ccid='1033' ) LIMIT 1   [ RunTime:0.0002s ]
SQL: SELECT `uid` FROM `spider_user_read` WHERE ( uid='1' AND ccid='1034' ) LIMIT 1   [ RunTime:0.0002s ]
SQL: SELECT `uid` FROM `spider_user_read` WHERE ( uid='1' AND ccid='1035' ) LIMIT 1   [ RunTime:0.0002s ]
SQL: SELECT `uid` FROM `spider_user_read` WHERE ( uid='1' AND ccid='1036' ) LIMIT 1   [ RunTime:0.0002s ]
SQL: SELECT `uid` FROM `spider_user_read` WHERE ( uid='1' AND ccid='1037' ) LIMIT 1   [ RunTime:0.0002s ]
SQL: SELECT `uid` FROM `spider_user_read` WHERE ( uid='1' AND ccid='1038' ) LIMIT 1   [ RunTime:0.0002s ]
SQL: SELECT `uid` FROM `spider_user_read` WHERE ( uid='1' AND ccid='1039' ) LIMIT 1   [ RunTime:0.0002s ]
SQL: SELECT `uid` FROM `spider_user_read` WHERE ( uid='1' AND ccid='1040' ) LIMIT 1   [ RunTime:0.0002s ]
SQL: SELECT `uid` FROM `spider_user_read` WHERE ( uid='1' AND ccid='1041' ) LIMIT 1   [ RunTime:0.0002s ]
SQL: SELECT `uid` FROM `spider_user_read` WHERE ( uid='1' AND ccid='1042' ) LIMIT 1   [ RunTime:0.0002s ]
SQL: SELECT `uid` FROM `spider_user_read` WHERE ( uid='1' AND ccid='1043' ) LIMIT 1   [ RunTime:0.0002s ]
SQL: SELECT `uid` FROM `spider_user_read` WHERE ( uid='1' AND ccid='1044' ) LIMIT 1   [ RunTime:0.0004s ]
SQL: SELECT `uid` FROM `spider_user_read` WHERE ( uid='1' AND ccid='1045' ) LIMIT 1   [ RunTime:0.0002s ]
SQL: SELECT `uid` FROM `spider_user_read` WHERE ( uid='1' AND ccid='1046' ) LIMIT 1   [ RunTime:0.0002s ]
SQL: SELECT `uid` FROM `spider_user_read` WHERE ( uid='1' AND ccid='1047' ) LIMIT 1   [ RunTime:0.0002s ]
SQL: SELECT `uid` FROM `spider_user_read` WHERE ( uid='1' AND ccid='1048' ) LIMIT 1   [ RunTime:0.0002s ]
SQL: SELECT `uid` FROM `spider_user_read` WHERE ( uid='1' AND ccid='1049' ) LIMIT 1   [ RunTime:0.0002s ]
SQL: SELECT `uid` FROM `spider_user_read` WHERE ( uid='1' AND ccid='1050' ) LIMIT 1   [ RunTime:0.0002s ]
SQL: SELECT `uid` FROM `spider_user_read` WHERE ( uid='1' AND ccid='1051' ) LIMIT 1   [ RunTime:0.0002s ]
SQL: SELECT `uid` FROM `spider_user_read` WHERE ( uid='1' AND ccid='1052' ) LIMIT 1   [ RunTime:0.0002s ]
SQL: SELECT `uid` FROM `spider_user_read` WHERE ( uid='1' AND ccid='1053' ) LIMIT 1   [ RunTime:0.0002s ]
SQL: SELECT `uid` FROM `spider_user_read` WHERE ( uid='1' AND ccid='1054' ) LIMIT 1   [ RunTime:0.0002s ]
SQL: SELECT `uid` FROM `spider_user_read` WHERE ( uid='1' AND ccid='1055' ) LIMIT 1   [ RunTime:0.0002s ]
SQL: SELECT `uid` FROM `spider_user_read` WHERE ( uid='1' AND ccid='1056' ) LIMIT 1   [ RunTime:0.0002s ]
SQL: SELECT `uid` FROM `spider_user_read` WHERE ( uid='1' AND ccid='1057' ) LIMIT 1   [ RunTime:0.0002s ]
SQL: SELECT `uid` FROM `spider_user_read` WHERE ( uid='1' AND ccid='1058' ) LIMIT 1   [ RunTime:0.0002s ]
SQL: SELECT `uid` FROM `spider_user_read` WHERE ( uid='1' AND ccid='1059' ) LIMIT 1   [ RunTime:0.0002s ]
SQL: SELECT `uid` FROM `spider_user_read` WHERE ( uid='1' AND ccid='1060' ) LIMIT 1   [ RunTime:0.0002s ]
SQL: SELECT `uid` FROM `spider_user_read` WHERE ( uid='1' AND ccid='1061' ) LIMIT 1   [ RunTime:0.0002s ]
SQL: SELECT COUNT(*) AS tp_count FROM `spider_content_collect` WHERE `flag` = 1 AND `alert` = 1 LIMIT 1   [ RunTime:0.0003s ]
INFO: [ app_end ] --START--
INFO: Run Behavior\ShowPageTraceBehavior [ RunTime:0.000092s ]
INFO: [ app_end ] --END-- [ RunTime:0.000264s ]

[ 2015-11-19T17:48:06+08:00 ] 192.168.35.2 /newsc/web/index.php/Home/count/taskDataCount
INFO: [ app_begin ] --START--
INFO: Run Behavior\ReadHtmlCacheBehavior [ RunTime:0.000133s ]
INFO: [ app_begin ] --END-- [ RunTime:0.000274s ]
SQL: SHOW COLUMNS FROM `spider_task` [ RunTime:0.0011s ]
SQL: SELECT SUM(count_thread) as count_thread,SUM(count_success) as count_success,SUM(count_failed) as count_failed FROM `spider_task` WHERE `task_status` = 1 AND `task_type` = 1  [ RunTime:0.0003s ]
INFO: [ app_end ] --START--
INFO: Run Behavior\ShowPageTraceBehavior [ RunTime:0.000135s ]
INFO: [ app_end ] --END-- [ RunTime:0.000270s ]

[ 2015-11-19T17:48:06+08:00 ] 192.168.35.2 /newsc/web/index.php/Home/count/taskDataCount
INFO: [ app_begin ] --START--
INFO: Run Behavior\ReadHtmlCacheBehavior [ RunTime:0.000129s ]
INFO: [ app_begin ] --END-- [ RunTime:0.000278s ]
SQL: SHOW COLUMNS FROM `spider_task` [ RunTime:0.0009s ]
SQL: SELECT SUM(count_thread) as count_thread,SUM(count_success) as count_success,SUM(count_failed) as count_failed FROM `spider_task` WHERE `task_status` = 1 AND `task_type` = 2  [ RunTime:0.0003s ]
INFO: [ app_end ] --START--
INFO: Run Behavior\ShowPageTraceBehavior [ RunTime:0.000148s ]
INFO: [ app_end ] --END-- [ RunTime:0.000260s ]

[ 2015-11-19T17:48:06+08:00 ] 192.168.35.2 /newsc/web/index.php/Home/index/loginOperation
INFO: [ app_begin ] --START--
INFO: Run Behavior\ReadHtmlCacheBehavior [ RunTime:0.000076s ]
INFO: [ app_begin ] --END-- [ RunTime:0.000225s ]
INFO: [ app_end ] --START--
INFO: Run Behavior\ShowPageTraceBehavior [ RunTime:0.000078s ]
INFO: [ app_end ] --END-- [ RunTime:0.000193s ]

[ 2015-11-19T17:48:06+08:00 ] 192.168.35.2 /newsc/web/index.php/Home/Task/taskList
INFO: [ app_begin ] --START--
INFO: Run Behavior\ReadHtmlCacheBehavior [ RunTime:0.000132s ]
INFO: [ app_begin ] --END-- [ RunTime:0.000274s ]
SQL: SHOW COLUMNS FROM `spider_task` [ RunTime:0.0009s ]
SQL: SELECT * FROM `spider_task` WHERE `task_type` = 2  [ RunTime:0.0004s ]
SQL: SHOW COLUMNS FROM `spider_schedule` [ RunTime:0.0005s ]
SQL: SHOW COLUMNS FROM `spider_search_engine` [ RunTime:0.0005s ]
SQL: SELECT `se_name` FROM `spider_search_engine` WHERE `id` = 1  [ RunTime:0.0002s ]
SQL: SELECT `se_name` FROM `spider_search_engine` WHERE `id` = 3  [ RunTime:0.0002s ]
NOTIC: [8] Undefined offset: 0 /mnt/data/htdocs/newsc/web/Application/Home/Controller/TaskController.class.php 第 33 行.
SQL: SELECT `se_name` FROM `spider_search_engine` WHERE `id` = 3  [ RunTime:0.0002s ]
NOTIC: [8] Undefined offset: 0 /mnt/data/htdocs/newsc/web/Application/Home/Controller/TaskController.class.php 第 33 行.
SQL: SELECT `se_name` FROM `spider_search_engine` WHERE `id` = 4  [ RunTime:0.0002s ]
NOTIC: [8] Undefined offset: 0 /mnt/data/htdocs/newsc/web/Application/Home/Controller/TaskController.class.php 第 33 行.
SQL: SELECT `time` FROM `spider_schedule` WHERE `task_id` = 16  [ RunTime:0.0002s ]
SQL: SELECT `se_name` FROM `spider_search_engine` WHERE `id` = 1  [ RunTime:0.0002s ]
SQL: SELECT `se_name` FROM `spider_search_engine` WHERE `id` = 2  [ RunTime:0.0002s ]
SQL: SELECT COUNT(*) AS tp_count FROM `spider_task` WHERE `task_type` = 2 LIMIT 1   [ RunTime:0.0002s ]
INFO: [ app_end ] --START--
INFO: Run Behavior\ShowPageTraceBehavior [ RunTime:0.000129s ]
INFO: [ app_end ] --END-- [ RunTime:0.000246s ]

[ 2015-11-19T17:48:09+08:00 ] 192.168.35.2 /newsc/web/index.php/Home/Task/taskList
INFO: [ app_begin ] --START--
INFO: Run Behavior\ReadHtmlCacheBehavior [ RunTime:0.000080s ]
INFO: [ app_begin ] --END-- [ RunTime:0.000220s ]
SQL: SHOW COLUMNS FROM `spider_task` [ RunTime:0.0010s ]
SQL: SELECT * FROM `spider_task` WHERE `task_type` = 2  [ RunTime:0.0004s ]
SQL: SHOW COLUMNS FROM `spider_schedule` [ RunTime:0.0005s ]
SQL: SHOW COLUMNS FROM `spider_search_engine` [ RunTime:0.0005s ]
SQL: SELECT `se_name` FROM `spider_search_engine` WHERE `id` = 1  [ RunTime:0.0002s ]
SQL: SELECT `se_name` FROM `spider_search_engine` WHERE `id` = 3  [ RunTime:0.0002s ]
NOTIC: [8] Undefined offset: 0 /mnt/data/htdocs/newsc/web/Application/Home/Controller/TaskController.class.php 第 33 行.
SQL: SELECT `se_name` FROM `spider_search_engine` WHERE `id` = 3  [ RunTime:0.0002s ]
NOTIC: [8] Undefined offset: 0 /mnt/data/htdocs/newsc/web/Application/Home/Controller/TaskController.class.php 第 33 行.
SQL: SELECT `se_name` FROM `spider_search_engine` WHERE `id` = 4  [ RunTime:0.0002s ]
NOTIC: [8] Undefined offset: 0 /mnt/data/htdocs/newsc/web/Application/Home/Controller/TaskController.class.php 第 33 行.
SQL: SELECT `time` FROM `spider_schedule` WHERE `task_id` = 16  [ RunTime:0.0002s ]
SQL: SELECT `se_name` FROM `spider_search_engine` WHERE `id` = 1  [ RunTime:0.0002s ]
SQL: SELECT `se_name` FROM `spider_search_engine` WHERE `id` = 2  [ RunTime:0.0002s ]
SQL: SELECT COUNT(*) AS tp_count FROM `spider_task` WHERE `task_type` = 2 LIMIT 1   [ RunTime:0.0003s ]
INFO: [ app_end ] --START--
INFO: Run Behavior\ShowPageTraceBehavior [ RunTime:0.000086s ]
INFO: [ app_end ] --END-- [ RunTime:0.000212s ]

[ 2015-11-19T17:48:09+08:00 ] 192.168.35.2 /newsc/web/index.php/Home/index/loginOperation
INFO: [ app_begin ] --START--
INFO: Run Behavior\ReadHtmlCacheBehavior [ RunTime:0.000078s ]
INFO: [ app_begin ] --END-- [ RunTime:0.000217s ]
INFO: [ app_end ] --START--
INFO: Run Behavior\ShowPageTraceBehavior [ RunTime:0.000082s ]
INFO: [ app_end ] --END-- [ RunTime:0.000239s ]

[ 2015-11-19T17:48:09+08:00 ] 192.168.35.2 /newsc/web/index.php/Home/Task/taskList
INFO: [ app_begin ] --START--
INFO: Run Behavior\ReadHtmlCacheBehavior [ RunTime:0.000076s ]
INFO: [ app_begin ] --END-- [ RunTime:0.000209s ]
SQL: SHOW COLUMNS FROM `spider_task` [ RunTime:0.0009s ]
SQL: SELECT * FROM `spider_task` WHERE `task_type` = 1 LIMIT 0,10   [ RunTime:0.0004s ]
SQL: SHOW COLUMNS FROM `spider_schedule` [ RunTime:0.0005s ]
SQL: SHOW COLUMNS FROM `spider_search_engine` [ RunTime:0.0005s ]
SQL: SELECT `time` FROM `spider_schedule` WHERE `task_id` = 32  [ RunTime:0.0002s ]
SQL: SELECT COUNT(*) AS tp_count FROM `spider_task` WHERE `task_type` = 1 LIMIT 1   [ RunTime:0.0002s ]
INFO: [ app_end ] --START--
INFO: Run Behavior\ShowPageTraceBehavior [ RunTime:0.000081s ]
INFO: [ app_end ] --END-- [ RunTime:0.000192s ]

